
> 3000studios-next@1.0.1 prebuild C:\3000Studos-Production\3000studios-next-main\3000studios-next
> node scripts/validate-app-structure.mjs

Γ£à App structure validated. Safe to build.

> 3000studios-next@1.0.1 build C:\3000Studos-Production\3000studios-next-main\3000studios-next
> next build --webpack

Γû▓ Next.js 16.1.1 (webpack)
- Environments: .env.local
- Experiments (use with caution):
  ┬╖ serverActions

  Creating an optimized production build ...
Found 2 warnings while optimizing generated CSS:

Issue #1:
Γöé   }
Γöé }
Γöé @import url("https://fonts.googleapis.com/css?family=Lato:400,400i,700");
Γöå        ^-- @import rules must precede all rules aside from @charset and @layer statements
Γöå
Γöé @import url("https://fonts.googleapis.com/css2?family=Inter:wght@400;800&display=swap");
Γöé @font-face {

Issue #2:
Γöé }
Γöé @import url("https://fonts.googleapis.com/css?family=Lato:400,400i,700");
Γöé @import url("https://fonts.googleapis.com/css2?family=Inter:wght@400;800&display=swap");
Γöå        ^-- @import rules must precede all rules aside from @charset and @layer statements
Γöå
Γöé @font-face {
Γöé   font-family: "Dusseldot";

ΓÜá Compiled with warnings in 10.9s

./app/api/voice/route.ts
Attempted import error: 'updateRegistry' is not exported from '@/lib/uiRegistry' (imported as 'updateRegistry').

Import trace for requested module:
./app/api/voice/route.ts

  Skipping validation of types
  Collecting page data using 31 workers ...
ΓÜá Using edge runtime on a page currently disables static generation for that page
  Generating static pages using 31 workers (0/105) ...
  Generating static pages using 31 workers (26/105) 
  Generating static pages using 31 workers (52/105) 
  Generating static pages using 31 workers (78/105) 
Γ£ô Generating static pages using 31 workers (105/105) in 839.3ms
  Finalizing page optimization ...
  Collecting build traces ...

Route (app)
Γöî Γùï /
Γö£ Γùï /_not-found
Γö£ Γùï /about
Γö£ Γùï /admin
Γö£ Γùï /admin/builder
Γö£ Γùï /admin/command-center
Γö£ Γùï /admin/content
Γö£ Γùï /admin/control
Γö£ Γùï /admin/dashboard
Γö£ Γùï /admin/editor
Γö£ Γùï /admin/revenue
Γö£ Γùï /admin/settings
Γö£ Γùï /admin/stats
Γö£ Γùï /admin/stream
Γö£ Γùï /admin/voice-logs
Γö£ Γùï /admin/voice-remote
Γö£ ╞Æ /api/admin/voice-logs
Γö£ ╞Æ /api/affiliate
Γö£ ╞Æ /api/ai
Γö£ ╞Æ /api/ai-tools
Γö£ ╞Æ /api/ai/continue
Γö£ ╞Æ /api/ai/stream
Γö£ ╞Æ /api/analytics
Γö£ ╞Æ /api/analyze-traffic
Γö£ ╞Æ /api/auth/[...nextauth]
Γö£ ╞Æ /api/blog
Γö£ ╞Æ /api/blog/generate
Γö£ ╞Æ /api/checkout
Γö£ ╞Æ /api/contact
Γö£ ╞Æ /api/content/generate-blog
Γö£ ╞Æ /api/content/generate-product
Γö£ ╞Æ /api/cron/content
Γö£ ╞Æ /api/cron/prune-memory
Γö£ ╞Æ /api/cron/reports
Γö£ ╞Æ /api/cron/sitemap
Γö£ ╞Æ /api/cron/store
Γö£ ╞Æ /api/deploy
Γö£ ╞Æ /api/deployment/rollback
Γö£ ╞Æ /api/deployment/status
Γö£ ╞Æ /api/deployment/trigger
Γö£ ╞Æ /api/deployment/webhook
Γö£ ╞Æ /api/env-check
Γö£ ╞Æ /api/exit-preview
Γö£ ╞Æ /api/fulfillment/webhook
Γö£ ╞Æ /api/generate-content
Γö£ ╞Æ /api/git
Γö£ ╞Æ /api/health
Γö£ ╞Æ /api/health/revenue
Γö£ ╞Æ /api/media/upload
Γö£ ╞Æ /api/pagegen
Γö£ ╞Æ /api/paypal/capture-order
Γö£ ╞Æ /api/paypal/checkout
Γö£ ╞Æ /api/paypal/create-order
Γö£ ╞Æ /api/preview
Γö£ ╞Æ /api/products
Γö£ ╞Æ /api/products/generate
Γö£ ╞Æ /api/realtime-sync
Γö£ ╞Æ /api/realtime-sync/status
Γö£ ╞Æ /api/revalidate
Γö£ ╞Æ /api/status
Γö£ ╞Æ /api/streaming
Γö£ ╞Æ /api/streaming/start
Γö£ ╞Æ /api/streaming/status
Γö£ ╞Æ /api/streaming/stop
Γö£ ╞Æ /api/stripe/checkout
Γö£ ╞Æ /api/stripe/webhook
Γö£ ╞Æ /api/subscribe
Γö£ ╞Æ /api/track/click
Γö£ ╞Æ /api/usage
Γö£ ╞Æ /api/vendors/products
Γö£ ╞Æ /api/vendors/signup
Γö£ ╞Æ /api/voice
Γö£ ╞Æ /api/voice-to-code
Γö£ ╞Æ /api/voice/command
Γö£ ╞Æ /api/voice/edit
Γö£ Γùï /apps
Γö£ Γùï /apps/ai-automation-toolkit
Γö£ Γùï /apps/ai-content-writer-pro
Γö£ Γùï /apps/ai-video-editor
Γö£ Γùï /blog
Γö£ Γùï /contact
Γö£ Γùï /content-lab
Γö£ Γùï /home
Γö£ Γùï /jws
Γö£ Γùï /live
Γö£ Γùï /login
Γö£ Γùï /manifest.webmanifest
Γö£ Γùï /portfolio
Γö£ Γùï /projects
Γö£ Γùï /projects/ready-apps
Γö£ Γùï /revenue
Γö£ Γùï /revenue/best-ai-tools-for-creators
Γö£ Γùï /revenue/best-gaming-laptops-2025
Γö£ Γùï /revenue/best-passive-income-tools
Γö£ Γùï /revenue/ultimate-developer-setup
Γö£ Γùï /revenue/web-design-trends-2025
Γö£ Γùï /robots.txt
Γö£ Γùï /sitemap.xml
Γö£ ╞Æ /slice-simulator
Γö£ Γùï /store
Γö£ ╞Æ /store/[id]
Γö£ Γùï /store/cancel
Γö£ Γùï /store/checkout
Γö£ Γùï /store/success
Γö£ Γùï /vendors
Γöö Γùï /vendors-platform


╞Æ Proxy (Middleware)

Γùï  (Static)   prerendered as static content
╞Æ  (Dynamic)  server-rendered on demand

